2023-03-21 04:41:30.407 [main] INFO  org.example.Main - [SQUARE ROOT] - 4.0 - [RESULT] - 2.0
2023-03-21 04:41:30.424 [main] INFO  org.example.Main - [FACTORIAL] - 5 - [RESULT] - 120
2023-03-21 04:41:30.428 [main] INFO  org.example.Main - [NATURAL_LOG] - 10.0 - [RESULT] - 2.302585092994046
2023-03-21 04:41:30.478 [main] INFO  org.example.Main - [POWER] - 2 3 - [RESULT] - 8.0
2023-03-21 05:04:06.703 [main] INFO  org.example.Main - [SQUARE ROOT] - 4.0 - [RESULT] - 2.0
2023-03-21 05:04:06.713 [main] INFO  org.example.Main - [FACTORIAL] - 5 - [RESULT] - 120
2023-03-21 05:04:06.714 [main] INFO  org.example.Main - [NATURAL_LOG] - 10.0 - [RESULT] - 2.302585092994046
2023-03-21 05:04:06.726 [main] INFO  org.example.Main - [POWER] - 2 3 - [RESULT] - 8.0
2023-03-21 05:04:57.029 [main] INFO  org.example.Main - [SQUARE ROOT] - 4.0 - [RESULT] - 2.0
2023-03-21 05:04:57.049 [main] INFO  org.example.Main - [FACTORIAL] - 5 - [RESULT] - 120
2023-03-21 05:04:57.051 [main] INFO  org.example.Main - [NATURAL_LOG] - 10.0 - [RESULT] - 2.302585092994046
2023-03-21 05:04:57.066 [main] INFO  org.example.Main - [POWER] - 2 3 - [RESULT] - 8.0
2023-03-21 05:16:39.850 [main] INFO  org.example.Main - [SQUARE ROOT] - 4.0 - [RESULT] - 2.0
2023-03-21 05:16:39.866 [main] INFO  org.example.Main - [FACTORIAL] - 5 - [RESULT] - 120
2023-03-21 05:16:39.868 [main] INFO  org.example.Main - [NATURAL_LOG] - 10.0 - [RESULT] - 2.302585092994046
2023-03-21 05:16:39.926 [main] INFO  org.example.Main - [POWER] - 2 3 - [RESULT] - 8.0
2023-03-21 05:18:33.043 [main] INFO  org.example.Main - [SQUARE ROOT] - 4.0 - [RESULT] - 2.0
2023-03-21 05:18:33.057 [main] INFO  org.example.Main - [FACTORIAL] - 5 - [RESULT] - 120
2023-03-21 05:18:33.074 [main] INFO  org.example.Main - [NATURAL_LOG] - 10.0 - [RESULT] - 2.302585092994046
2023-03-21 05:18:33.132 [main] INFO  org.example.Main - [POWER] - 2 3 - [RESULT] - 8.0
2023-03-21 05:19:45.557 [main] INFO  org.example.Main - [SQUARE ROOT] - 4.0 - [RESULT] - 2.0
2023-03-21 05:19:45.566 [main] INFO  org.example.Main - [FACTORIAL] - 5 - [RESULT] - 120
2023-03-21 05:19:45.567 [main] INFO  org.example.Main - [NATURAL_LOG] - 10.0 - [RESULT] - 2.302585092994046
2023-03-21 05:19:45.576 [main] INFO  org.example.Main - [POWER] - 2 3 - [RESULT] - 8.0
2023-03-21 05:20:00.112 [main] ERROR org.example.Main - [SQUARE ROOT] - -2.0 - [RESULT] - NOT CALCULATABLE
